<?xml version="1.0" encoding="UTF-8"?>
<!-- Generated by org.testng.reporters.JUnitReportReporter -->
<testsuite hostname="Rafa" failures="0" tests="1" name="unit.SampleFrameworkCreation" time="36.514" errors="0" timestamp="2024-07-26T01:42:41 EDT" skipped="0">
  <testcase classname="unit.SampleFrameworkCreation" name="webTest" time="36.514"/>
</testsuite> <!-- unit.SampleFrameworkCreation -->
